mode: set
github.com/beginoffile/bookings/cmd/internal/handlers/handlers.go:24.47,28.2 1 1
github.com/beginoffile/bookings/cmd/internal/handlers/handlers.go:31.33,33.2 1 1
github.com/beginoffile/bookings/cmd/internal/handlers/handlers.go:35.67,41.2 3 1
github.com/beginoffile/bookings/cmd/internal/handlers/handlers.go:43.68,57.2 5 1
github.com/beginoffile/bookings/cmd/internal/handlers/handlers.go:60.74,69.2 4 1
github.com/beginoffile/bookings/cmd/internal/handlers/handlers.go:72.78,74.16 2 1
github.com/beginoffile/bookings/cmd/internal/handlers/handlers.go:74.16,77.3 2 0
github.com/beginoffile/bookings/cmd/internal/handlers/handlers.go:79.2,93.19 6 1
github.com/beginoffile/bookings/cmd/internal/handlers/handlers.go:93.19,103.3 4 0
github.com/beginoffile/bookings/cmd/internal/handlers/handlers.go:105.2,106.66 2 1
github.com/beginoffile/bookings/cmd/internal/handlers/handlers.go:111.71,113.2 1 1
github.com/beginoffile/bookings/cmd/internal/handlers/handlers.go:116.69,118.2 1 1
github.com/beginoffile/bookings/cmd/internal/handlers/handlers.go:121.75,123.2 1 1
github.com/beginoffile/bookings/cmd/internal/handlers/handlers.go:126.79,130.2 3 1
github.com/beginoffile/bookings/cmd/internal/handlers/handlers.go:138.79,145.16 3 1
github.com/beginoffile/bookings/cmd/internal/handlers/handlers.go:145.16,147.3 1 0
github.com/beginoffile/bookings/cmd/internal/handlers/handlers.go:149.2,152.14 3 1
github.com/beginoffile/bookings/cmd/internal/handlers/handlers.go:156.70,158.2 1 1
github.com/beginoffile/bookings/cmd/internal/handlers/handlers.go:160.81,163.9 2 1
github.com/beginoffile/bookings/cmd/internal/handlers/handlers.go:163.9,168.3 4 1
github.com/beginoffile/bookings/cmd/internal/handlers/handlers.go:170.2,178.4 4 0
